<?xml version="1.0" encoding="UTF-8"?>
<testsuites name="jest tests" tests="32" failures="0" errors="0" time="3.332">
  <testsuite name="undefined" errors="0" failures="0" skipped="0" timestamp="2021-05-20T05:29:00" time="2.276" tests="19">
    <testcase classname=" operation add" name=" operation add" time="0.009">
    </testcase>
    <testcase classname=" operation add multiple" name=" operation add multiple" time="0.001">
    </testcase>
    <testcase classname=" operation mult" name=" operation mult" time="0.004">
    </testcase>
    <testcase classname=" operation div" name=" operation div" time="0.003">
    </testcase>
    <testcase classname=" operation sub" name=" operation sub" time="0.003">
    </testcase>
    <testcase classname=" operation norm" name=" operation norm" time="0">
    </testcase>
    <testcase classname=" operation superposition" name=" operation superposition" time="0">
    </testcase>
    <testcase classname=" operation eigen" name=" operation eigen" time="0.003">
    </testcase>
    <testcase classname=" operation trace" name=" operation trace" time="0.002">
    </testcase>
    <testcase classname=" operation transpose" name=" operation transpose" time="0">
    </testcase>
    <testcase classname=" operation square" name=" operation square" time="0.001">
    </testcase>
    <testcase classname=" operation normalize" name=" operation normalize" time="0">
    </testcase>
    <testcase classname=" operation cross" name=" operation cross" time="0.001">
    </testcase>
    <testcase classname=" operation sum" name=" operation sum" time="0">
    </testcase>
    <testcase classname=" operation abs" name=" operation abs" time="0.001">
    </testcase>
    <testcase classname=" operation dot" name=" operation dot" time="0">
    </testcase>
    <testcase classname=" operation composition" name=" operation composition" time="0.001">
    </testcase>
    <testcase classname=" superposition" name=" superposition" time="0.002">
    </testcase>
    <testcase classname=" weightedSum" name=" weightedSum" time="0.001">
    </testcase>
  </testsuite>
  <testsuite name="undefined" errors="0" failures="0" skipped="0" timestamp="2021-05-20T05:29:02" time="0.073" tests="5">
    <testcase classname=" bilerp" name=" bilerp" time="0">
    </testcase>
    <testcase classname=" Test interpolate with scalar in INCREASING direction" name=" Test interpolate with scalar in INCREASING direction" time="0.001">
    </testcase>
    <testcase classname=" Test interpolate with vector3 in INCREASING direction" name=" Test interpolate with vector3 in INCREASING direction" time="0.001">
    </testcase>
    <testcase classname=" Test interpolate with scalar in DECREASING direction" name=" Test interpolate with scalar in DECREASING direction" time="0">
    </testcase>
    <testcase classname=" Test interpolate with vector3 in DECREASING direction" name=" Test interpolate with vector3 in DECREASING direction" time="0.001">
    </testcase>
  </testsuite>
  <testsuite name="undefined" errors="0" failures="0" skipped="0" timestamp="2021-05-20T05:29:02" time="0.062" tests="3">
    <testcase classname=" Eigen 1" name=" Eigen 1" time="0.001">
    </testcase>
    <testcase classname=" Eigen 2" name=" Eigen 2" time="0.001">
    </testcase>
    <testcase classname=" Eigen convention" name=" Eigen convention" time="0.002">
    </testcase>
  </testsuite>
  <testsuite name="undefined" errors="0" failures="0" skipped="0" timestamp="2021-05-20T05:29:02" time="0.054" tests="4">
    <testcase classname=" operation mean itemSize=3" name=" operation mean itemSize=3" time="0">
    </testcase>
    <testcase classname=" operation mean itemSize=1" name=" operation mean itemSize=1" time="0.001">
    </testcase>
    <testcase classname=" operation weoghtedMean itemSize=1" name=" operation weoghtedMean itemSize=1" time="0">
    </testcase>
    <testcase classname=" stats cov" name=" stats cov" time="0">
    </testcase>
  </testsuite>
  <testsuite name="undefined" errors="0" failures="0" skipped="0" timestamp="2021-05-20T05:29:02" time="0.053" tests="1">
    <testcase classname=" Mat3 test " name=" Mat3 test " time="0.001">
    </testcase>
  </testsuite>
</testsuites>