<?xml version="1.0" encoding="UTF-8"?>
<testsuites name="jest tests" tests="1" failures="0" errors="0" time="2.241">
  <testsuite name="undefined" errors="0" failures="0" skipped="0" timestamp="2021-04-09T11:28:36" time="1.645" tests="1">
    <testcase classname=" fake test" name=" fake test" time="0.002">
    </testcase>
  </testsuite>
</testsuites>